<?xml version="1.0" encoding="UTF-8"?>
<testng-results skipped="0" failed="0" ignored="0" total="2" passed="2">
  <reporter-output>
  </reporter-output>
  <suite name="Default suite" duration-ms="71392" started-at="2019-10-17T07:59:27Z" finished-at="2019-10-17T08:00:38Z">
    <groups>
    </groups>
    <test name="Default test" duration-ms="71392" started-at="2019-10-17T07:59:27Z" finished-at="2019-10-17T08:00:38Z">
      <class name="com.model.RegisterationDemo">
        <test-method status="PASS" signature="openBrowser()[pri:0, instance:com.model.RegisterationDemo@51081592]" name="openBrowser" is-config="true" duration-ms="3182" started-at="2019-10-17T07:59:24Z" finished-at="2019-10-17T07:59:27Z">
          <reporter-output>
          </reporter-output>
        </test-method> <!-- openBrowser -->
        <test-method status="PASS" signature="openUrl()[pri:0, instance:com.model.RegisterationDemo@51081592]" name="openUrl" is-config="true" duration-ms="31109" started-at="2019-10-17T07:59:27Z" finished-at="2019-10-17T07:59:58Z">
          <reporter-output>
          </reporter-output>
        </test-method> <!-- openUrl -->
        <test-method status="PASS" signature="maximizeBrowser()[pri:0, instance:com.model.RegisterationDemo@51081592]" name="maximizeBrowser" is-config="true" duration-ms="11853" started-at="2019-10-17T07:59:58Z" finished-at="2019-10-17T08:00:10Z">
          <reporter-output>
          </reporter-output>
        </test-method> <!-- maximizeBrowser -->
        <test-method status="PASS" signature="beforeMethod()[pri:0, instance:com.model.RegisterationDemo@51081592]" name="beforeMethod" is-config="true" duration-ms="0" started-at="2019-10-17T08:00:10Z" finished-at="2019-10-17T08:00:10Z">
          <reporter-output>
          </reporter-output>
        </test-method> <!-- beforeMethod -->
        <test-method status="PASS" signature="userOne()[pri:1, instance:com.model.RegisterationDemo@51081592]" name="userOne" duration-ms="8871" started-at="2019-10-17T08:00:10Z" finished-at="2019-10-17T08:00:19Z">
          <reporter-output>
          </reporter-output>
        </test-method> <!-- userOne -->
        <test-method status="PASS" signature="captureScreenShot()[pri:0, instance:com.model.RegisterationDemo@51081592]" name="captureScreenShot" is-config="true" duration-ms="418" started-at="2019-10-17T08:00:19Z" finished-at="2019-10-17T08:00:19Z">
          <reporter-output>
          </reporter-output>
        </test-method> <!-- captureScreenShot -->
        <test-method status="PASS" signature="userTwo()[pri:2, instance:com.model.RegisterationDemo@51081592]" name="userTwo" duration-ms="18515" started-at="2019-10-17T08:00:19Z" finished-at="2019-10-17T08:00:38Z">
          <reporter-output>
          </reporter-output>
        </test-method> <!-- userTwo -->
        <test-method status="PASS" signature="beforeMethod()[pri:0, instance:com.model.RegisterationDemo@51081592]" name="beforeMethod" is-config="true" duration-ms="0" started-at="2019-10-17T08:00:19Z" finished-at="2019-10-17T08:00:19Z">
          <reporter-output>
          </reporter-output>
        </test-method> <!-- beforeMethod -->
        <test-method status="PASS" signature="captureScreenShot()[pri:0, instance:com.model.RegisterationDemo@51081592]" name="captureScreenShot" is-config="true" duration-ms="421" started-at="2019-10-17T08:00:38Z" finished-at="2019-10-17T08:00:38Z">
          <reporter-output>
          </reporter-output>
        </test-method> <!-- captureScreenShot -->
        <test-method status="PASS" signature="deleteCookies()[pri:0, instance:com.model.RegisterationDemo@51081592]" name="deleteCookies" is-config="true" duration-ms="136" started-at="2019-10-17T08:00:38Z" finished-at="2019-10-17T08:00:38Z">
          <reporter-output>
          </reporter-output>
        </test-method> <!-- deleteCookies -->
        <test-method status="PASS" signature="afterTest()[pri:0, instance:com.model.RegisterationDemo@51081592]" name="afterTest" is-config="true" duration-ms="0" started-at="2019-10-17T08:00:38Z" finished-at="2019-10-17T08:00:38Z">
          <reporter-output>
          </reporter-output>
        </test-method> <!-- afterTest -->
        <test-method status="PASS" signature="closeBrowser()[pri:0, instance:com.model.RegisterationDemo@51081592]" name="closeBrowser" is-config="true" duration-ms="659" started-at="2019-10-17T08:00:38Z" finished-at="2019-10-17T08:00:39Z">
          <reporter-output>
          </reporter-output>
        </test-method> <!-- closeBrowser -->
      </class> <!-- com.model.RegisterationDemo -->
    </test> <!-- Default test -->
  </suite> <!-- Default suite -->
</testng-results>
